0 info it worked if it ends with ok
1 verbose cli [ 'c:\\Program Files (x86)\\nodejs\\node.exe',
1 verbose cli   'c:\\Program Files (x86)\\nodejs\\node_modules\\npm\\bin\\npm-cli.js',
1 verbose cli   'run',
1 verbose cli   'populate' ]
2 info using npm@3.10.10
3 info using node@v6.11.2
4 verbose run-script [ 'prepopulate', 'populate', 'postpopulate' ]
5 info lifecycle human-resources-app@1.0.0~prepopulate: human-resources-app@1.0.0
6 silly lifecycle human-resources-app@1.0.0~prepopulate: no script for prepopulate, continuing
7 info lifecycle human-resources-app@1.0.0~populate: human-resources-app@1.0.0
8 verbose lifecycle human-resources-app@1.0.0~populate: unsafe-perm in lifecycle true
9 verbose lifecycle human-resources-app@1.0.0~populate: PATH: c:\Program Files (x86)\nodejs\node_modules\npm\bin\node-gyp-bin;d:\Projetos\MEAN\hrapp\node_modules\.bin;c:\Users\Kevy\bin;.;C:\Program Files (x86)\Git\local\bin;C:\Program Files (x86)\Git\mingw\bin;C:\Program Files (x86)\Git\bin;C:\Program Files (x86)\Git\bin;c:\Program Files (x86)\iis express\PHP\v5.4;c:\ProgramData\Oracle\Java\javapath;c:\Windows\system32;c:\Windows;c:\Windows\System32\Wbem;c:\Windows\System32\WindowsPowerShell\v1.0\;c:\Program Files (x86)\Windows Kits\8.1\Windows Performance Toolkit\;c:\Program Files\Microsoft SQL Server\110\Tools\Binn\;c:\Program Files (x86)\Microsoft SDKs\TypeScript\1.0\;c:\Program Files\MongoDB\Server\3.0\bin;c:\Program Files\Microsoft SQL Server\110\DTS\Binn\;c:\Program Files (x86)\Microsoft SQL Server\110\Tools\Binn\;c:\Program Files (x86)\Microsoft SQL Server\110\Tools\Binn\ManagementStudio\;c:\Program Files (x86)\Microsoft Visual Studio 10.0\Common7\IDE\PrivateAssemblies\;c:\Program Files (x86)\Microsoft SQL Server\110\DTS\Binn\;c:\Program Files\TortoiseGit\bin;c:\Users\Kevy\.dnx\bin;c:\Program Files\Microsoft SQL Server\120\Tools\Binn\;c:\Program Files (x86)\Microsoft Emulator Manager\1.0\;c:\Users\Kevy\AppData\Roamin;.;c:\Program Files\Microsoft DNX\Dnvm\;c:\WINDOWS\system32;c:\WINDOWS;c:\WINDOWS\System32\Wbem;c:\WINDOWS\System32\WindowsPowerShell\v1.0\;c:\Program Files (x86)\Calibre2\;c:\Program Files (x86)\Skype\Phone\;c:\Program Files (x86)\nodejs\;c:\Users\Kevy\.dnx\bin;c:\Users\Kevy\AppData\Local\Microsoft\WindowsApps;c:\Users\Kevy\AppData\Roaming\npm
10 verbose lifecycle human-resources-app@1.0.0~populate: CWD: d:\Projetos\MEAN\hrapp
11 silly lifecycle human-resources-app@1.0.0~populate: Args: [ '/d /s /c', 'node ./bin/populateDb' ]
12 silly lifecycle human-resources-app@1.0.0~populate: Returned: code: 1  signal: null
13 info lifecycle human-resources-app@1.0.0~populate: Failed to exec populate script
14 verbose stack Error: human-resources-app@1.0.0 populate: `node ./bin/populateDb`
14 verbose stack Exit status 1
14 verbose stack     at EventEmitter.<anonymous> (c:\Program Files (x86)\nodejs\node_modules\npm\lib\utils\lifecycle.js:255:16)
14 verbose stack     at emitTwo (events.js:106:13)
14 verbose stack     at EventEmitter.emit (events.js:191:7)
14 verbose stack     at ChildProcess.<anonymous> (c:\Program Files (x86)\nodejs\node_modules\npm\lib\utils\spawn.js:40:14)
14 verbose stack     at emitTwo (events.js:106:13)
14 verbose stack     at ChildProcess.emit (events.js:191:7)
14 verbose stack     at maybeClose (internal/child_process.js:891:16)
14 verbose stack     at Process.ChildProcess._handle.onexit (internal/child_process.js:226:5)
15 verbose pkgid human-resources-app@1.0.0
16 verbose cwd d:\Projetos\MEAN\hrapp
17 error Windows_NT 10.0.15063
18 error argv "c:\\Program Files (x86)\\nodejs\\node.exe" "c:\\Program Files (x86)\\nodejs\\node_modules\\npm\\bin\\npm-cli.js" "run" "populate"
19 error node v6.11.2
20 error npm  v3.10.10
21 error code ELIFECYCLE
22 error human-resources-app@1.0.0 populate: `node ./bin/populateDb`
22 error Exit status 1
23 error Failed at the human-resources-app@1.0.0 populate script 'node ./bin/populateDb'.
23 error Make sure you have the latest version of node.js and npm installed.
23 error If you do, this is most likely a problem with the human-resources-app package,
23 error not with npm itself.
23 error Tell the author that this fails on your system:
23 error     node ./bin/populateDb
23 error You can get information on how to open an issue for this project with:
23 error     npm bugs human-resources-app
23 error Or if that isn't available, you can get their info via:
23 error     npm owner ls human-resources-app
23 error There is likely additional logging output above.
24 verbose exit [ 1, true ]
